{"level":"error"}
{"level":"error","message":{},"date":1518596227692}
{"level":"error","message":{}}
{"level":"error","message":{}}
{"level":"error","message":{}}
{"level":"error","message":{}}
{"level":"error","message":{}}
{"level":"error","message":{}}
{"level":"error","message":{}}
{"level":"error","message":"ReferenceError: oiuj is not defined"}
{"level":"error","message":"ReferenceError: oiuj is not defined"}
{"level":"error","message":"ReferenceError: oiuj is not defined"}
{"level":"error","message":"ReferenceError: oiuj is not defined","fdate":"03:17:20"}
{"level":"error","message":"ReferenceError: oiuj is not defined","date":1518599876922,"fdate":"2018-2-14 03:17:56"}
{"level":"error","message":"ReferenceError: oiuj is not defined","date":1518600110908,"fdate":"2018-2-14 03:21:50"}
{"level":"error","message":"ReferenceError: oiuj is not defined","date":1518600261162,"fdate":"2018-2-14 03:24:21"}
{"level":"error","message":"ReferenceError: oiuj is not defined","date":1518600758090,"fdate":"2018-2-14 03:32:38"}
{"level":"error","message":"\"ReferenceError: oiuj is not defined\\n    at sendchat (/mnt/c/Users/yo/Documents/hue/sockets.js:977:4)\\n    at Socket.<anonymous> (/mnt/c/Users/yo/Documents/hue/sockets.js:117:5)\\n    at emitOne (events.js:115:13)\\n    at Socket.emit (events.js:210:7)\\n    at /mnt/c/Users/yo/Documents/hue/node_modules/socket.io/lib/socket.js:513:12\\n    at _combinedTickCallback (internal/process/next_tick.js:131:7)\\n    at process._tickDomainCallback (internal/process/next_tick.js:218:9)\"","date":1518600947446,"fdate":"2018-2-14 03:35:47"}
error: "ReferenceError: oiuj is not defined\n    at sendchat (/mnt/c/Users/yo/Documents/hue/sockets.js:978:4)\n    at Socket.<anonymous> (/mnt/c/Users/yo/Documents/hue/sockets.js:118:5)\n    at emitOne (events.js:115:13)\n    at Socket.emit (events.js:210:7)\n    at /mnt/c/Users/yo/Documents/hue/node_modules/socket.io/lib/socket.js:513:12\n    at _combinedTickCallback (internal/process/next_tick.js:131:7)\n    at process._tickDomainCallback (internal/process/next_tick.js:218:9)" {"date":1518601047475,"fdate":"2018-2-14 03:37:27"}
error: "ReferenceError: oiuj is not defined\n    at sendchat (/mnt/c/Users/yo/Documents/hue/sockets.js:978:4)\n    at Socket.<anonymous> (/mnt/c/Users/yo/Documents/hue/sockets.js:118:5)\n    at emitOne (events.js:115:13)\n    at Socket.emit (events.js:210:7)\n    at /mnt/c/Users/yo/Documents/hue/node_modules/socket.io/lib/socket.js:513:12\n    at _combinedTickCallback (internal/process/next_tick.js:131:7)\n    at process._tickDomainCallback (internal/process/next_tick.js:218:9)" {"date":1518601284533,"fdate":"2018-2-14 03:41:24"}
error: "ReferenceError: oiuj is not defined\n    at sendchat (/mnt/c/Users/yo/Documents/hue/sockets.js:978:4)\n    at Socket.<anonymous> (/mnt/c/Users/yo/Documents/hue/sockets.js:118:5)\n    at emitOne (events.js:115:13)\n    at Socket.emit (events.js:210:7)\n    at /mnt/c/Users/yo/Documents/hue/node_modules/socket.io/lib/socket.js:513:12\n    at _combinedTickCallback (internal/process/next_tick.js:131:7)\n    at process._tickDomainCallback (internal/process/next_tick.js:218:9)" {"date":1518601294559,"fdate":"2018-2-14 03:41:34"}
error: "ReferenceError: oiuj is not defined
    at sendchat (/mnt/c/Users/yo/Documents/hue/sockets.js:978:4)
    at Socket.<anonymous> (/mnt/c/Users/yo/Documents/hue/sockets.js:118:5)
    at emitOne (events.js:115:13)
    at Socket.emit (events.js:210:7)
    at /mnt/c/Users/yo/Documents/hue/node_modules/socket.io/lib/socket.js:513:12
    at _combinedTickCallback (internal/process/next_tick.js:131:7)
    at process._tickDomainCallback (internal/process/next_tick.js:218:9)" {"date":1518601612364,"fdate":"2018-2-14 03:46:52"}
error: 
2018-2-14 03:49:03
"ReferenceError: oiuj is not defined
    at sendchat (/mnt/c/Users/yo/Documents/hue/sockets.js:978:4)
    at Socket.<anonymous> (/mnt/c/Users/yo/Documents/hue/sockets.js:118:5)
    at emitOne (events.js:115:13)
    at Socket.emit (events.js:210:7)
    at /mnt/c/Users/yo/Documents/hue/node_modules/socket.io/lib/socket.js:513:12
    at _combinedTickCallback (internal/process/next_tick.js:131:7)
    at process._tickDomainCallback (internal/process/next_tick.js:218:9)" {}
error: 
2018-2-14 03:49:18
"ReferenceError: oiuj is not defined
    at sendchat (/mnt/c/Users/yo/Documents/hue/sockets.js:978:4)
    at Socket.<anonymous> (/mnt/c/Users/yo/Documents/hue/sockets.js:118:5)
    at emitOne (events.js:115:13)
    at Socket.emit (events.js:210:7)
    at /mnt/c/Users/yo/Documents/hue/node_modules/socket.io/lib/socket.js:513:12
    at _combinedTickCallback (internal/process/next_tick.js:131:7)
    at process._tickDomainCallback (internal/process/next_tick.js:218:9)" {}
error:  2018-2-14 03:51:08
"ReferenceError: oiuj is not defined
    at sendchat (/mnt/c/Users/yo/Documents/hue/sockets.js:978:4)
    at Socket.<anonymous> (/mnt/c/Users/yo/Documents/hue/sockets.js:118:5)
    at emitOne (events.js:115:13)
    at Socket.emit (events.js:210:7)
    at /mnt/c/Users/yo/Documents/hue/node_modules/socket.io/lib/socket.js:513:12
    at _combinedTickCallback (internal/process/next_tick.js:131:7)
    at process._tickDomainCallback (internal/process/next_tick.js:218:9)"
 {}
error:  2018-2-14 03:51:09
"ReferenceError: oiuj is not defined
    at sendchat (/mnt/c/Users/yo/Documents/hue/sockets.js:978:4)
    at Socket.<anonymous> (/mnt/c/Users/yo/Documents/hue/sockets.js:118:5)
    at emitOne (events.js:115:13)
    at Socket.emit (events.js:210:7)
    at /mnt/c/Users/yo/Documents/hue/node_modules/socket.io/lib/socket.js:513:12
    at _combinedTickCallback (internal/process/next_tick.js:131:7)
    at process._tickDomainCallback (internal/process/next_tick.js:218:9)"
 {}
error:  2018-2-14 03:51:10
"ReferenceError: oiuj is not defined
    at sendchat (/mnt/c/Users/yo/Documents/hue/sockets.js:978:4)
    at Socket.<anonymous> (/mnt/c/Users/yo/Documents/hue/sockets.js:118:5)
    at emitOne (events.js:115:13)
    at Socket.emit (events.js:210:7)
    at /mnt/c/Users/yo/Documents/hue/node_modules/socket.io/lib/socket.js:513:12
    at _combinedTickCallback (internal/process/next_tick.js:131:7)
    at process._tickDomainCallback (internal/process/next_tick.js:218:9)"
 {}
error: 2018-2-14 03:51:51
"ReferenceError: oiuj is not defined
    at sendchat (/mnt/c/Users/yo/Documents/hue/sockets.js:978:4)
    at Socket.<anonymous> (/mnt/c/Users/yo/Documents/hue/sockets.js:118:5)
    at emitOne (events.js:115:13)
    at Socket.emit (events.js:210:7)
    at /mnt/c/Users/yo/Documents/hue/node_modules/socket.io/lib/socket.js:513:12
    at _combinedTickCallback (internal/process/next_tick.js:131:7)
    at process._tickDomainCallback (internal/process/next_tick.js:218:9)" {}
error: 2018-2-14 03:51:52
"ReferenceError: oiuj is not defined
    at sendchat (/mnt/c/Users/yo/Documents/hue/sockets.js:978:4)
    at Socket.<anonymous> (/mnt/c/Users/yo/Documents/hue/sockets.js:118:5)
    at emitOne (events.js:115:13)
    at Socket.emit (events.js:210:7)
    at /mnt/c/Users/yo/Documents/hue/node_modules/socket.io/lib/socket.js:513:12
    at _combinedTickCallback (internal/process/next_tick.js:131:7)
    at process._tickDomainCallback (internal/process/next_tick.js:218:9)" {}
error: 2018-2-14 03:51:53
"ReferenceError: oiuj is not defined
    at sendchat (/mnt/c/Users/yo/Documents/hue/sockets.js:978:4)
    at Socket.<anonymous> (/mnt/c/Users/yo/Documents/hue/sockets.js:118:5)
    at emitOne (events.js:115:13)
    at Socket.emit (events.js:210:7)
    at /mnt/c/Users/yo/Documents/hue/node_modules/socket.io/lib/socket.js:513:12
    at _combinedTickCallback (internal/process/next_tick.js:131:7)
    at process._tickDomainCallback (internal/process/next_tick.js:218:9)" {}
error: 2018-2-14 04:05:50
"ReferenceError: oiuj is not defined
    at sendchat (/mnt/c/Users/yo/Documents/hue/sockets.js:978:4)
    at Socket.<anonymous> (/mnt/c/Users/yo/Documents/hue/sockets.js:118:5)
    at emitOne (events.js:115:13)
    at Socket.emit (events.js:210:7)
    at /mnt/c/Users/yo/Documents/hue/node_modules/socket.io/lib/socket.js:513:12
    at _combinedTickCallback (internal/process/next_tick.js:131:7)
    at process._tickDomainCallback (internal/process/next_tick.js:218:9)" {}
error: 2018-2-14 04:07:08
"ReferenceError: oiuj is not defined
    at sendchat (/mnt/c/Users/yo/Documents/hue/sockets.js:978:4)
    at Socket.<anonymous> (/mnt/c/Users/yo/Documents/hue/sockets.js:118:5)
    at emitOne (events.js:115:13)
    at Socket.emit (events.js:210:7)
    at /mnt/c/Users/yo/Documents/hue/node_modules/socket.io/lib/socket.js:513:12
    at _combinedTickCallback (internal/process/next_tick.js:131:7)
    at process._tickDomainCallback (internal/process/next_tick.js:218:9)" {}
error: 2018-2-14 04:09:38 1518602978735
"ReferenceError: oiuj is not defined
    at sendchat (/mnt/c/Users/yo/Documents/hue/sockets.js:978:4)
    at Socket.<anonymous> (/mnt/c/Users/yo/Documents/hue/sockets.js:118:5)
    at emitOne (events.js:115:13)
    at Socket.emit (events.js:210:7)
    at /mnt/c/Users/yo/Documents/hue/node_modules/socket.io/lib/socket.js:513:12
    at _combinedTickCallback (internal/process/next_tick.js:131:7)
    at process._tickDomainCallback (internal/process/next_tick.js:218:9)" {}
error: 2018-2-14 04:10:39
"ReferenceError: oiuj is not defined
    at sendchat (/mnt/c/Users/yo/Documents/hue/sockets.js:978:4)
    at Socket.<anonymous> (/mnt/c/Users/yo/Documents/hue/sockets.js:118:5)
    at emitOne (events.js:115:13)
    at Socket.emit (events.js:210:7)
    at /mnt/c/Users/yo/Documents/hue/node_modules/socket.io/lib/socket.js:513:12
    at _combinedTickCallback (internal/process/next_tick.js:131:7)
    at process._tickDomainCallback (internal/process/next_tick.js:218:9)" {}
